#
# A fatal error has been detected by the Java Runtime Environment:
#
#  Internal Error (javaClasses.cpp:129), pid=5432, tid=4060
#  fatal error: Invalid layout of preloaded class
#
# JRE version: 7.0_25-b16
# Java VM: Java HotSpot(TM) Client VM (23.25-b01 mixed mode windows-x86 )
# Failed to write core dump. Minidumps are not enabled by default on client versions of Windows
#
# If you would like to submit a bug report, please visit:
#   http://bugreport.sun.com/bugreport/crash.jsp
#

---------------  T H R E A D  ---------------

Current thread (0x0254b400):  JavaThread "Unknown thread" [_thread_in_vm, id=4060, stack(0x005c0000,0x00610000)]

Stack: [0x005c0000,0x00610000],  sp=0x0060f5a8,  free space=317k
Native frames: (J=compiled Java code, j=interpreted, Vv=VM code, C=native code)
V  [jvm.dll+0x167e31]
V  [jvm.dll+0x1620f6]
V  [jvm.dll+0x1f92f]
V  [jvm.dll+0x1f9b6]
V  [jvm.dll+0x2cffd]
V  [jvm.dll+0x2d2a9]
V  [jvm.dll+0x75351]
V  [jvm.dll+0x7570b]
V  [jvm.dll+0x123881]
V  [jvm.dll+0x1439cc]
V  [jvm.dll+0xa619f]
C  [javaw.exe+0x13ca]
C  [javaw.exe+0x1e3c]
C  [javaw.exe+0xa5b1]
C  [javaw.exe+0xa63b]
C  [KERNEL32.DLL+0x2850d]  BaseThreadInitThunk+0xe
C  [ntdll.dll+0x5bf39]  RtlInitializeExceptionChain+0x85
C  [ntdll.dll+0x5bf0c]  RtlInitializeExceptionChain+0x58


---------------  P R O C E S S  ---------------

Java Threads: ( => current thread )

Other Threads:

=>0x0254b400 (exited) JavaThread "Unknown thread" [_thread_in_vm, id=4060, stack(0x005c0000,0x00610000)]

VM state:not at safepoint (not fully initialized)

VM Mutex/Monitor currently owned by a thread: None

GC Heap History (0 events):
No events

Deoptimization events (0 events):
No events

Internal exceptions (0 events):
No events

Events (10 events):
Event: 0.008 loading class 0x023951e8 done
Event: 0.008 loading class 0x02376088 done
Event: 0.008 loading class 0x02376060
Event: 0.008 loading class 0x02397f18
Event: 0.008 loading class 0x02397f18 done
Event: 0.008 loading class 0x02397fc0
Event: 0.008 loading class 0x02397fc0 done
Event: 0.008 loading class 0x023deb08
Event: 0.008 loading class 0x023deb08 done
Event: 0.009 loading class 0x02376060 done


Dynamic libraries:
0x002a0000 - 0x002cf000 	C:\Program Files (x86)\Java\jre7\bin\javaw.exe
0x77940000 - 0x77a97000 	C:\Windows\SYSTEM32\ntdll.dll
0x77260000 - 0x77390000 	C:\Windows\SYSTEM32\KERNEL32.DLL
0x77730000 - 0x777d6000 	C:\Windows\SYSTEM32\KERNELBASE.dll
0x77470000 - 0x7751e000 	C:\Windows\SYSTEM32\ADVAPI32.dll
0x76b70000 - 0x76c86000 	C:\Windows\SYSTEM32\USER32.dll
0x74090000 - 0x74288000 	C:\Windows\WinSxS\x86_microsoft.windows.common-controls_6595b64144ccf1df_6.0.9200.16579_none_8937eec6860750f5\COMCTL32.dll
0x76e50000 - 0x76f01000 	C:\Windows\SYSTEM32\msvcrt.dll
0x76b30000 - 0x76b64000 	C:\Windows\SYSTEM32\sechost.dll
0x75400000 - 0x754ac000 	C:\Windows\SYSTEM32\RPCRT4.dll
0x75910000 - 0x75a0d000 	C:\Windows\SYSTEM32\GDI32.dll
0x74f70000 - 0x74f8c000 	C:\Windows\SYSTEM32\SspiCli.dll
0x74f60000 - 0x74f69000 	C:\Windows\SYSTEM32\CRYPTBASE.dll
0x74f00000 - 0x74f51000 	C:\Windows\SYSTEM32\bcryptPrimitives.dll
0x75020000 - 0x75040000 	C:\Windows\system32\IMM32.DLL
0x75040000 - 0x7511d000 	C:\Windows\SYSTEM32\MSCTF.dll
0x66f80000 - 0x6703e000 	C:\Program Files (x86)\Java\jre7\bin\msvcr100.dll
0x73640000 - 0x73982000 	C:\Program Files (x86)\Java\jre7\bin\client\jvm.dll
0x74a10000 - 0x74a18000 	C:\Windows\SYSTEM32\WSOCK32.dll
0x74b80000 - 0x74ba1000 	C:\Windows\SYSTEM32\WINMM.dll
0x77250000 - 0x77256000 	C:\Windows\SYSTEM32\PSAPI.DLL
0x77420000 - 0x77470000 	C:\Windows\SYSTEM32\WS2_32.dll
0x74b50000 - 0x74b7a000 	C:\Windows\SYSTEM32\WINMMBASE.dll
0x76c90000 - 0x76c98000 	C:\Windows\SYSTEM32\NSI.dll
0x74a80000 - 0x74a8c000 	C:\Program Files (x86)\Java\jre7\bin\verify.dll
0x74880000 - 0x748a0000 	C:\Program Files (x86)\Java\jre7\bin\java.dll
0x74860000 - 0x74873000 	C:\Program Files (x86)\Java\jre7\bin\zip.dll
0x74470000 - 0x74599000 	C:\Windows\SYSTEM32\dbghelp.dll

VM Arguments:
jvm_args: -Dfile.encoding=GBK -Xbootclasspath:E:\Program Files\adt-bundle-windows-x86-20130219\sdk\platforms\android-15\android.jar 
java_command: com.herald.ezherald.activity.ActiDBAdapter
Launcher Type: SUN_STANDARD

Environment Variables:
PATH=C:/Program Files (x86)/Java/jre7/bin/client;C:/Program Files (x86)/Java/jre7/bin;C:/Program Files (x86)/Java/jre7/lib/i386;E:\Python27\Lib\site-packages\PyQt4;c:\program files (x86)\nvidia corporation\physx\common;C:\Windows\system32;C:\Windows;C:\Windows\system32\wbem;C:\Windows\system32\windowspowershell\v1.0\;e:\python27;c:\program files (x86)\apache software foundation\apache2.2\cgi-bin\heralddevelop;c:\program files (x86)\apache software foundation\apache2.2\cgi-bin\heralddevelop\pycgi;c:\program files\tortoisegit\bin;e:\Program Files (x86)\MATLAB71\bin\win32;C:\Program Files\Microsoft\Web Platform Installer\;C:\Program Files (x86)\Microsoft ASP.NET\ASP.NET Web Pages\v1.0\;C:\Program Files\Microsoft SQL Server\110\Tools\Binn\;E:\Qt\Qt5.0.1\5.0.1\mingw47_32\bin;E:\Qt\Qt5.0.1\Tools\MinGW\bin;C:\Program Files\TortoiseSVN\bin;E:\Program Files\opencv245\opencv\build\x64\vc11\bin;E:\Program Files\opencv245\opencv\build\x86\vc11\lib;C:\Program Files (x86)\Windows Kits\8.0\Windows Performance Toolkit\;E:\Program Files (x86)\opencv245\opencv\build\x86\vc11\bin;C:\Program Files\MySQL\MySQL Server 5.6\bin;C:\Ruby200\bin;E:\Program Files (x86)\Microsoft Visual Studio\Common\Tools\WinNT;E:\Program Files (x86)\Microsoft Visual Studio\Common\MSDev98\Bin;E:\Program Files (x86)\Microsoft Visual Studio\Common\Tools;E:\Program Files (x86)\Microsoft Visual Studio\VC98\bin;E:\Program Files (x86)\opencv245\opencv\build\x86\vc11\bin;;E:\Program Files\adt-bundle-windows-x86-20130219\eclipse;
USERNAME=Admin
OS=Windows_NT
PROCESSOR_IDENTIFIER=Intel64 Family 6 Model 37 Stepping 5, GenuineIntel



---------------  S Y S T E M  ---------------

OS: Windows 8 , 64 bit Build 9200 

CPU:total 4 (2 cores per cpu, 2 threads per core) family 6 model 37 stepping 5, cmov, cx8, fxsr, mmx, sse, sse2, sse3, ssse3, sse4.1, sse4.2, popcnt, ht, tsc, tscinvbit

Memory: 4k page, physical 6151012k(3642320k free), swap 12442468k(9071156k free)

vm_info: Java HotSpot(TM) Client VM (23.25-b01) for windows-x86 JRE (1.7.0_25-b16), built on Jun 12 2013 20:29:09 by "java_re" with unknown MS VC++:1600

time: Fri Jul 05 10:07:24 2013
elapsed time: 0 seconds

