#
# A fatal error has been detected by the Java Runtime Environment:
#
#  Internal Error (javaClasses.cpp:136), pid=2656, tid=3692
#  fatal error: Invalid layout of preloaded class
#
# JRE version:  (7.0_40-b43) (build )
# Java VM: Java HotSpot(TM) Client VM (24.0-b56 mixed mode windows-x86 )
# Failed to write core dump. Minidumps are not enabled by default on client versions of Windows
#
# If you would like to submit a bug report, please visit:
#   http://bugreport.sun.com/bugreport/crash.jsp
#

---------------  T H R E A D  ---------------

Current thread (0x030ec000):  JavaThread "Unknown thread" [_thread_in_vm, id=3692, stack(0x01020000,0x01070000)]

Stack: [0x01020000,0x01070000],  sp=0x0106f720,  free space=317k
Native frames: (J=compiled Java code, j=interpreted, Vv=VM code, C=native code)
V  [jvm.dll+0x18db91]
V  [jvm.dll+0x187936]
V  [jvm.dll+0x3582a]
V  [jvm.dll+0x358b6]
V  [jvm.dll+0x43fdd]
V  [jvm.dll+0x4428e]
V  [jvm.dll+0x923fa]
V  [jvm.dll+0x927ab]
V  [jvm.dll+0x13d761]
V  [jvm.dll+0x16023c]
V  [jvm.dll+0xc8c5f]
C  [javaw.exe+0x13ce]
C  [javaw.exe+0x1e40]
C  [javaw.exe+0xa5b1]
C  [javaw.exe+0xa63b]
C  [KERNEL32.DLL+0x28543]
C  [ntdll.dll+0x5ac69]
C  [ntdll.dll+0x5ac3c]


---------------  P R O C E S S  ---------------

Java Threads: ( => current thread )

Other Threads:

=>0x030ec000 (exited) JavaThread "Unknown thread" [_thread_in_vm, id=3692, stack(0x01020000,0x01070000)]

VM state:not at safepoint (not fully initialized)

VM Mutex/Monitor currently owned by a thread: None

GC Heap History (0 events):
No events

Deoptimization events (0 events):
No events

Internal exceptions (0 events):
No events

Events (10 events):
Event: 0.051 loading class 0x0108aed0 done
Event: 0.051 loading class 0x0108a960 done
Event: 0.051 loading class 0x0108a940
Event: 0.051 loading class 0x01091c68
Event: 0.051 loading class 0x01091c68 done
Event: 0.051 loading class 0x01091c98
Event: 0.051 loading class 0x01091c98 done
Event: 0.051 loading class 0x01091cc8
Event: 0.051 loading class 0x01091cc8 done
Event: 0.051 loading class 0x0108a940 done


Dynamic libraries:
0x01370000 - 0x0139f000 	C:\Program Files (x86)\Java\jre7\bin\javaw.exe
0x779a0000 - 0x77af7000 	C:\Windows\SYSTEM32\ntdll.dll
0x75fb0000 - 0x760e0000 	C:\Windows\SYSTEM32\KERNEL32.DLL
0x75460000 - 0x75506000 	C:\Windows\SYSTEM32\KERNELBASE.dll
0x75570000 - 0x7561e000 	C:\Windows\SYSTEM32\ADVAPI32.dll
0x751b0000 - 0x752c6000 	C:\Windows\SYSTEM32\USER32.dll
0x742c0000 - 0x744b7000 	C:\Windows\WinSxS\x86_microsoft.windows.common-controls_6595b64144ccf1df_6.0.9200.16384_none_893961408605e985\COMCTL32.dll
0x762d0000 - 0x76381000 	C:\Windows\SYSTEM32\msvcrt.dll
0x75620000 - 0x75654000 	C:\Windows\SYSTEM32\sechost.dll
0x76220000 - 0x762cc000 	C:\Windows\SYSTEM32\RPCRT4.dll
0x75910000 - 0x75a0d000 	C:\Windows\SYSTEM32\GDI32.dll
0x74fd0000 - 0x74fec000 	C:\Windows\SYSTEM32\SspiCli.dll
0x74fc0000 - 0x74fc9000 	C:\Windows\SYSTEM32\CRYPTBASE.dll
0x74f60000 - 0x74fb1000 	C:\Windows\SYSTEM32\bcryptPrimitives.dll
0x77860000 - 0x77880000 	C:\Windows\system32\IMM32.DLL
0x75b80000 - 0x75c5c000 	C:\Windows\SYSTEM32\MSCTF.dll
0x70920000 - 0x709de000 	C:\Program Files (x86)\Java\jre7\bin\msvcr100.dll
0x73aa0000 - 0x73e20000 	C:\Program Files (x86)\Java\jre7\bin\client\jvm.dll
0x73a90000 - 0x73a98000 	C:\Windows\SYSTEM32\WSOCK32.dll
0x74e60000 - 0x74e81000 	C:\Windows\SYSTEM32\WINMM.dll
0x75c60000 - 0x75c66000 	C:\Windows\SYSTEM32\PSAPI.DLL
0x75b30000 - 0x75b80000 	C:\Windows\SYSTEM32\WS2_32.dll
0x74e30000 - 0x74e5b000 	C:\Windows\SYSTEM32\WINMMBASE.dll
0x75880000 - 0x75888000 	C:\Windows\SYSTEM32\NSI.dll
0x757d0000 - 0x75816000 	C:\Windows\SYSTEM32\cfgmgr32.dll
0x752d0000 - 0x752ee000 	C:\Windows\SYSTEM32\DEVOBJ.dll
0x739c0000 - 0x739cc000 	C:\Program Files (x86)\Java\jre7\bin\verify.dll
0x739a0000 - 0x739c0000 	C:\Program Files (x86)\Java\jre7\bin\java.dll
0x73980000 - 0x73993000 	C:\Program Files (x86)\Java\jre7\bin\zip.dll
0x749d0000 - 0x74af9000 	C:\Windows\SYSTEM32\dbghelp.dll

VM Arguments:
jvm_args: -Dfile.encoding=GBK -Xbootclasspath:D:\Program Files (x86)\adt-bundle-windows-x86-20130219\sdk\platforms\android-15\android.jar 
java_command: com.herald.ezherald.curriculum.IndexDataProvider
Launcher Type: SUN_STANDARD

Environment Variables:
JAVA_HOME=C:\Program Files (x86)\Java\jdk1.7.0_40
PATH=C:/Program Files (x86)/Java/jre7/bin/client;C:/Program Files (x86)/Java/jre7/bin;C:/Program Files (x86)/Java/jre7/lib/i386;C:\Python27\Lib\site-packages\PyQt4;C:\Windows\system32;C:\Windows;C:\Windows\System32\Wbem;C:\Windows\System32\WindowsPowerShell\v1.0\;C:\Python27;C:\Python27\DLLs;C:\Python27\Scripts;C:\Python27\Lib\site-packages\vtk;C:\Python27\gnuplot\binary;d:\Program Files (x86)\pythonxy\SciTE-3.3.2-3;d:\Program Files (x86)\pythonxy\console;C:\MinGW32-xy\bin;C:\Program Files (x86)\Java\jdk1.7.0_40\bin;C:\Program Files (x86)\Java\jdk1.7.0_40\jre\bin;C:\apache-maven-3.1.1\bin;D:\Program Files\TortoiseGit\bin;E:\setup-exes\eclipse\eclipse;
USERNAME=wolf
OS=Windows_NT
PROCESSOR_IDENTIFIER=Intel64 Family 6 Model 37 Stepping 5, GenuineIntel



---------------  S Y S T E M  ---------------

OS: Windows 8 , 64 bit Build 9200 

CPU:total 4 (2 cores per cpu, 2 threads per core) family 6 model 37 stepping 5, cmov, cx8, fxsr, mmx, sse, sse2, sse3, ssse3, sse4.1, sse4.2, popcnt, ht, tsc, tscinvbit

Memory: 4k page, physical 6151012k(4140704k free), swap 10345316k(8247848k free)

vm_info: Java HotSpot(TM) Client VM (24.0-b56) for windows-x86 JRE (1.7.0_40-b43), built on Aug 26 2013 22:34:40 by "java_re" with unknown MS VC++:1600

time: Sat Oct 12 10:58:18 2013
elapsed time: 0 seconds

