#
# A fatal error has been detected by the Java Runtime Environment:
#
#  Internal Error (javaClasses.cpp:129), pid=10028, tid=9864
#  fatal error: Invalid layout of preloaded class
#
# JRE version: 7.0_25-b16
# Java VM: Java HotSpot(TM) Client VM (23.25-b01 mixed mode windows-x86 )
# Failed to write core dump. Minidumps are not enabled by default on client versions of Windows
#
# If you would like to submit a bug report, please visit:
#   http://bugreport.sun.com/bugreport/crash.jsp
#

---------------  T H R E A D  ---------------

Current thread (0x02ecb400):  JavaThread "Unknown thread" [_thread_in_vm, id=9864, stack(0x011c0000,0x01210000)]

Stack: [0x011c0000,0x01210000],  sp=0x0120fa70,  free space=318k
Native frames: (J=compiled Java code, j=interpreted, Vv=VM code, C=native code)
V  [jvm.dll+0x167e31]
V  [jvm.dll+0x1620f6]
V  [jvm.dll+0x1f92f]
V  [jvm.dll+0x1f9b6]
V  [jvm.dll+0x2cffd]
V  [jvm.dll+0x2d2a9]
V  [jvm.dll+0x75351]
V  [jvm.dll+0x7570b]
V  [jvm.dll+0x123881]
V  [jvm.dll+0x1439cc]
V  [jvm.dll+0xa619f]
C  [javaw.exe+0x13ca]
C  [javaw.exe+0x1e3c]
C  [javaw.exe+0xa5b1]
C  [javaw.exe+0xa63b]
C  [KERNEL32.DLL+0x2850d]  BaseThreadInitThunk+0xe
C  [ntdll.dll+0x5bf39]  RtlInitializeExceptionChain+0x85
C  [ntdll.dll+0x5bf0c]  RtlInitializeExceptionChain+0x58


---------------  P R O C E S S  ---------------

Java Threads: ( => current thread )

Other Threads:

=>0x02ecb400 (exited) JavaThread "Unknown thread" [_thread_in_vm, id=9864, stack(0x011c0000,0x01210000)]

VM state:not at safepoint (not fully initialized)

VM Mutex/Monitor currently owned by a thread: None

GC Heap History (0 events):
No events

Deoptimization events (0 events):
No events

Internal exceptions (0 events):
No events

Events (10 events):
Event: 0.009 loading class 0x02ef4fe0 done
Event: 0.010 loading class 0x02ed6208 done
Event: 0.010 loading class 0x02ed5f88
Event: 0.010 loading class 0x02ef8048
Event: 0.010 loading class 0x02ef8048 done
Event: 0.010 loading class 0x02ef80b8
Event: 0.010 loading class 0x02ef80b8 done
Event: 0.010 loading class 0x02f3e8a0
Event: 0.010 loading class 0x02f3e8a0 done
Event: 0.010 loading class 0x02ed5f88 done


Dynamic libraries:
0x00300000 - 0x0032f000 	C:\Program Files (x86)\Java\jre7\bin\javaw.exe
0x77300000 - 0x77457000 	C:\Windows\SYSTEM32\ntdll.dll
0x74970000 - 0x74aa0000 	C:\Windows\SYSTEM32\KERNEL32.DLL
0x752a0000 - 0x75346000 	C:\Windows\SYSTEM32\KERNELBASE.dll
0x767f0000 - 0x7689e000 	C:\Windows\SYSTEM32\ADVAPI32.dll
0x74aa0000 - 0x74bb6000 	C:\Windows\SYSTEM32\USER32.dll
0x72e90000 - 0x73088000 	C:\Windows\WinSxS\x86_microsoft.windows.common-controls_6595b64144ccf1df_6.0.9200.16579_none_8937eec6860750f5\COMCTL32.dll
0x74ca0000 - 0x74d51000 	C:\Windows\SYSTEM32\msvcrt.dll
0x76e50000 - 0x76e84000 	C:\Windows\SYSTEM32\sechost.dll
0x76fc0000 - 0x7706c000 	C:\Windows\SYSTEM32\RPCRT4.dll
0x74fd0000 - 0x750cd000 	C:\Windows\SYSTEM32\GDI32.dll
0x74930000 - 0x7494c000 	C:\Windows\SYSTEM32\SspiCli.dll
0x74920000 - 0x74929000 	C:\Windows\SYSTEM32\CRYPTBASE.dll
0x748c0000 - 0x74911000 	C:\Windows\SYSTEM32\bcryptPrimitives.dll
0x76790000 - 0x767b0000 	C:\Windows\system32\IMM32.DLL
0x74bc0000 - 0x74c9d000 	C:\Windows\SYSTEM32\MSCTF.dll
0x67d60000 - 0x67e1e000 	C:\Program Files (x86)\Java\jre7\bin\msvcr100.dll
0x67a10000 - 0x67d52000 	C:\Program Files (x86)\Java\jre7\bin\client\jvm.dll
0x74030000 - 0x74038000 	C:\Windows\SYSTEM32\WSOCK32.dll
0x74000000 - 0x74021000 	C:\Windows\SYSTEM32\WINMM.dll
0x76db0000 - 0x76db6000 	C:\Windows\SYSTEM32\PSAPI.DLL
0x75120000 - 0x75170000 	C:\Windows\SYSTEM32\WS2_32.dll
0x73fd0000 - 0x73ffa000 	C:\Windows\SYSTEM32\WINMMBASE.dll
0x74d60000 - 0x74d68000 	C:\Windows\SYSTEM32\NSI.dll
0x6b2e0000 - 0x6b2ec000 	C:\Program Files (x86)\Java\jre7\bin\verify.dll
0x679f0000 - 0x67a10000 	C:\Program Files (x86)\Java\jre7\bin\java.dll
0x679d0000 - 0x679e3000 	C:\Program Files (x86)\Java\jre7\bin\zip.dll
0x73270000 - 0x73399000 	C:\Windows\SYSTEM32\dbghelp.dll

VM Arguments:
jvm_args: -Dfile.encoding=GBK -Xbootclasspath:E:\Program Files\adt-bundle-windows-x86-20130219\sdk\platforms\android-15\android.jar 
java_command: com.herald.ezherald.activity.VoteDetailActivity
Launcher Type: SUN_STANDARD

Environment Variables:
JAVA_HOME=C:\Program Files (x86)\Java\jdk1.7.0_25
PATH=C:/Program Files (x86)/Java/jdk1.7.0_25/bin/../jre/bin/client;C:/Program Files (x86)/Java/jdk1.7.0_25/bin/../jre/bin;C:/Program Files (x86)/Java/jdk1.7.0_25/bin/../jre/lib/i386;e:\CTEX\UserData\miktex\bin;e:\CTEX\MiKTeX\miktex\bin;e:\CTEX\CTeX\ctex\bin;e:\CTEX\CTeX\cct\bin;e:\CTEX\CTeX\ty\bin;e:\CTEX\Ghostscript\gs9.05\bin;e:\CTEX\GSview\gsview;e:\CTEX\WinEdt;C:\Ruby200\bin;E:\Program Files (x86)\Microsoft Visual Studio\Common\Tools\WinNT;E:\Program Files (x86)\Microsoft Visual Studio\Common\MSDev98\Bin;E:\Program Files (x86)\Microsoft Visual Studio\Common\Tools;E:\Program Files (x86)\Microsoft Visual Studio\VC98\bin;E:\Program Files (x86)\opencv245\opencv\build\x86\vc11\bin;C:\Program Files (x86)\Java\jdk1.7.0_25\bin;;E:\Program Files\adt-bundle-windows-x86-20130219\eclipse;
USERNAME=Admin
OS=Windows_NT
PROCESSOR_IDENTIFIER=Intel64 Family 6 Model 37 Stepping 5, GenuineIntel



---------------  S Y S T E M  ---------------

OS: Windows 8 , 64 bit Build 9200 

CPU:total 4 (2 cores per cpu, 2 threads per core) family 6 model 37 stepping 5, cmov, cx8, fxsr, mmx, sse, sse2, sse3, ssse3, sse4.1, sse4.2, popcnt, ht, tsc, tscinvbit

Memory: 4k page, physical 6151012k(3085964k free), swap 12442468k(8247928k free)

vm_info: Java HotSpot(TM) Client VM (23.25-b01) for windows-x86 JRE (1.7.0_25-b16), built on Jun 12 2013 20:29:09 by "java_re" with unknown MS VC++:1600

time: Fri Aug 23 14:52:54 2013
elapsed time: 0 seconds

